2023-03-09 18:03:19.328 INFO  o.h.validator.internal.util.Version - HV000001: Hibernate Validator 6.2.5.Final
2023-03-09 18:03:19.336 INFO  c.r.RestaurantAppApplication - Starting RestaurantAppApplication using Java 1.8.0_161 on keshav with PID 6760 (D:\Eclips IDE\RestaurantApp\target\classes started by delhifastfood987@gmail.com in D:\Eclips IDE\RestaurantApp)
2023-03-09 18:03:19.342 INFO  c.r.RestaurantAppApplication - No active profile set, falling back to 1 default profile: "default"
2023-03-09 18:03:20.602 INFO  o.s.d.r.c.RepositoryConfigurationDelegate - Bootstrapping Spring Data JPA repositories in DEFAULT mode.
2023-03-09 18:03:20.758 INFO  o.s.d.r.c.RepositoryConfigurationDelegate - Finished Spring Data repository scanning in 141 ms. Found 9 JPA repository interfaces.
2023-03-09 18:03:21.880 INFO  o.s.b.w.e.tomcat.TomcatWebServer - Tomcat initialized with port(s): 8080 (http)
2023-03-09 18:03:21.893 INFO  o.a.coyote.http11.Http11NioProtocol - Initializing ProtocolHandler ["http-nio-8080"]
2023-03-09 18:03:21.894 INFO  o.a.catalina.core.StandardService - Starting service [Tomcat]
2023-03-09 18:03:21.895 INFO  o.a.catalina.core.StandardEngine - Starting Servlet engine: [Apache Tomcat/9.0.68]
2023-03-09 18:03:22.094 INFO  o.a.c.c.C.[Tomcat].[localhost].[/] - Initializing Spring embedded WebApplicationContext
2023-03-09 18:03:22.094 INFO  o.s.b.w.s.c.ServletWebServerApplicationContext - Root WebApplicationContext: initialization completed in 2672 ms
2023-03-09 18:03:22.301 INFO  o.h.jpa.internal.util.LogHelper - HHH000204: Processing PersistenceUnitInfo [name: default]
2023-03-09 18:03:22.365 INFO  org.hibernate.Version - HHH000412: Hibernate ORM core version 5.6.12.Final
2023-03-09 18:03:22.558 INFO  o.h.annotations.common.Version - HCANN000001: Hibernate Commons Annotations {5.1.2.Final}
2023-03-09 18:03:22.773 INFO  com.zaxxer.hikari.HikariDataSource - HikariPool-1 - Starting...
2023-03-09 18:03:23.392 INFO  com.zaxxer.hikari.HikariDataSource - HikariPool-1 - Start completed.
2023-03-09 18:03:23.447 INFO  org.hibernate.dialect.Dialect - HHH000400: Using dialect: org.hibernate.dialect.MySQL8Dialect
2023-03-09 18:03:24.945 INFO  o.h.e.t.j.p.i.JtaPlatformInitiator - HHH000490: Using JtaPlatform implementation: [org.hibernate.engine.transaction.jta.platform.internal.NoJtaPlatform]
2023-03-09 18:03:24.964 INFO  o.s.o.j.LocalContainerEntityManagerFactoryBean - Initialized JPA EntityManagerFactory for persistence unit 'default'
2023-03-09 18:03:26.407 INFO  o.s.s.w.DefaultSecurityFilterChain - Will secure any request with [org.springframework.security.web.session.DisableEncodeUrlFilter@6cd7dc74, org.springframework.security.web.context.request.async.WebAsyncManagerIntegrationFilter@6d695ec4, org.springframework.security.web.context.SecurityContextPersistenceFilter@12d35bc9, org.springframework.security.web.header.HeaderWriterFilter@55b45ea1, org.springframework.web.filter.CorsFilter@20556566, org.springframework.security.web.authentication.logout.LogoutFilter@1ead3c67, com.restaurant.configuration.CustomAuthenticationFilter@e4ef4c0, com.restaurant.configuration.CustomAuthorizationFilter@5ca8bd01, org.springframework.security.web.savedrequest.RequestCacheAwareFilter@1aa31454, org.springframework.security.web.servletapi.SecurityContextHolderAwareRequestFilter@52035328, org.springframework.security.web.authentication.AnonymousAuthenticationFilter@7b10472e, org.springframework.security.web.session.SessionManagementFilter@3b77940f, org.springframework.security.web.access.ExceptionTranslationFilter@b787274, org.springframework.security.web.access.intercept.FilterSecurityInterceptor@51b59d58]
2023-03-09 18:03:26.623 WARN  o.s.b.a.o.j.JpaBaseConfiguration$JpaWebConfiguration - spring.jpa.open-in-view is enabled by default. Therefore, database queries may be performed during view rendering. Explicitly configure spring.jpa.open-in-view to disable this warning
2023-03-09 18:03:28.504 INFO  o.a.coyote.http11.Http11NioProtocol - Starting ProtocolHandler ["http-nio-8080"]
2023-03-09 18:03:28.556 INFO  o.s.b.w.e.tomcat.TomcatWebServer - Tomcat started on port(s): 8080 (http) with context path ''
2023-03-09 18:03:28.576 INFO  c.r.RestaurantAppApplication - Started RestaurantAppApplication in 9.677 seconds (JVM running for 10.443)
2023-03-09 18:03:30.819 INFO  o.a.c.c.C.[Tomcat].[localhost].[/] - Initializing Spring DispatcherServlet 'dispatcherServlet'
2023-03-09 18:03:30.820 INFO  o.s.web.servlet.DispatcherServlet - Initializing Servlet 'dispatcherServlet'
2023-03-09 18:03:30.821 INFO  o.s.web.servlet.DispatcherServlet - Completed initialization in 1 ms
2023-03-09 18:03:36.580 INFO  c.r.service.impl.UserServiceImpl - Deleting User for {}
2023-03-09 18:03:36.686 INFO  c.r.service.impl.UserServiceImpl - User deleted Successfully
2023-03-09 18:05:21.301 INFO  o.h.validator.internal.util.Version - HV000001: Hibernate Validator 6.2.5.Final
2023-03-09 18:05:21.318 INFO  c.r.RestaurantAppApplication - Starting RestaurantAppApplication using Java 1.8.0_161 on keshav with PID 3680 (D:\Eclips IDE\RestaurantApp\target\classes started by delhifastfood987@gmail.com in D:\Eclips IDE\RestaurantApp)
2023-03-09 18:05:21.321 INFO  c.r.RestaurantAppApplication - No active profile set, falling back to 1 default profile: "default"
2023-03-09 18:05:22.615 INFO  o.s.d.r.c.RepositoryConfigurationDelegate - Bootstrapping Spring Data JPA repositories in DEFAULT mode.
2023-03-09 18:05:22.740 INFO  o.s.d.r.c.RepositoryConfigurationDelegate - Finished Spring Data repository scanning in 113 ms. Found 9 JPA repository interfaces.
2023-03-09 18:05:23.857 INFO  o.s.b.w.e.tomcat.TomcatWebServer - Tomcat initialized with port(s): 8080 (http)
2023-03-09 18:05:23.872 INFO  o.a.coyote.http11.Http11NioProtocol - Initializing ProtocolHandler ["http-nio-8080"]
2023-03-09 18:05:23.873 INFO  o.a.catalina.core.StandardService - Starting service [Tomcat]
2023-03-09 18:05:23.874 INFO  o.a.catalina.core.StandardEngine - Starting Servlet engine: [Apache Tomcat/9.0.68]
2023-03-09 18:05:24.112 INFO  o.a.c.c.C.[Tomcat].[localhost].[/] - Initializing Spring embedded WebApplicationContext
2023-03-09 18:05:24.112 INFO  o.s.b.w.s.c.ServletWebServerApplicationContext - Root WebApplicationContext: initialization completed in 2719 ms
2023-03-09 18:05:24.370 INFO  o.h.jpa.internal.util.LogHelper - HHH000204: Processing PersistenceUnitInfo [name: default]
2023-03-09 18:05:24.447 INFO  org.hibernate.Version - HHH000412: Hibernate ORM core version 5.6.12.Final
2023-03-09 18:05:24.653 INFO  o.h.annotations.common.Version - HCANN000001: Hibernate Commons Annotations {5.1.2.Final}
2023-03-09 18:05:24.899 INFO  com.zaxxer.hikari.HikariDataSource - HikariPool-1 - Starting...
2023-03-09 18:05:25.587 INFO  com.zaxxer.hikari.HikariDataSource - HikariPool-1 - Start completed.
2023-03-09 18:05:25.654 INFO  org.hibernate.dialect.Dialect - HHH000400: Using dialect: org.hibernate.dialect.MySQL8Dialect
2023-03-09 18:05:27.117 INFO  o.h.e.t.j.p.i.JtaPlatformInitiator - HHH000490: Using JtaPlatform implementation: [org.hibernate.engine.transaction.jta.platform.internal.NoJtaPlatform]
2023-03-09 18:05:27.129 INFO  o.s.o.j.LocalContainerEntityManagerFactoryBean - Initialized JPA EntityManagerFactory for persistence unit 'default'
2023-03-09 18:05:28.518 INFO  o.s.s.w.DefaultSecurityFilterChain - Will secure any request with [org.springframework.security.web.session.DisableEncodeUrlFilter@9746157, org.springframework.security.web.context.request.async.WebAsyncManagerIntegrationFilter@10ad95cd, org.springframework.security.web.context.SecurityContextPersistenceFilter@3c4c7e51, org.springframework.security.web.header.HeaderWriterFilter@1aa31454, org.springframework.web.filter.CorsFilter@69fd99c1, org.springframework.security.web.authentication.logout.LogoutFilter@37ade216, com.restaurant.configuration.CustomAuthenticationFilter@32d8710a, com.restaurant.configuration.CustomAuthorizationFilter@180cc0df, org.springframework.security.web.savedrequest.RequestCacheAwareFilter@7891cf3, org.springframework.security.web.servletapi.SecurityContextHolderAwareRequestFilter@349aeec4, org.springframework.security.web.authentication.AnonymousAuthenticationFilter@64f33dee, org.springframework.security.web.session.SessionManagementFilter@5614ae05, org.springframework.security.web.access.ExceptionTranslationFilter@12d35bc9, org.springframework.security.web.access.intercept.FilterSecurityInterceptor@6cd7dc74]
2023-03-09 18:05:28.749 WARN  o.s.b.a.o.j.JpaBaseConfiguration$JpaWebConfiguration - spring.jpa.open-in-view is enabled by default. Therefore, database queries may be performed during view rendering. Explicitly configure spring.jpa.open-in-view to disable this warning
2023-03-09 18:05:30.719 INFO  o.a.coyote.http11.Http11NioProtocol - Starting ProtocolHandler ["http-nio-8080"]
2023-03-09 18:05:30.748 INFO  o.s.b.w.e.tomcat.TomcatWebServer - Tomcat started on port(s): 8080 (http) with context path ''
2023-03-09 18:05:30.768 INFO  c.r.RestaurantAppApplication - Started RestaurantAppApplication in 9.888 seconds (JVM running for 10.59)
2023-03-09 18:05:48.770 INFO  o.a.c.c.C.[Tomcat].[localhost].[/] - Initializing Spring DispatcherServlet 'dispatcherServlet'
2023-03-09 18:05:48.771 INFO  o.s.web.servlet.DispatcherServlet - Initializing Servlet 'dispatcherServlet'
2023-03-09 18:05:48.780 INFO  o.s.web.servlet.DispatcherServlet - Completed initialization in 9 ms
2023-03-09 18:05:51.028 INFO  c.r.service.impl.UserServiceImpl - Deleting User for {}
2023-03-09 18:05:51.059 INFO  c.r.service.impl.UserServiceImpl - User deleted Successfully
2023-03-09 18:06:42.066 INFO  o.h.validator.internal.util.Version - HV000001: Hibernate Validator 6.2.5.Final
2023-03-09 18:06:42.083 INFO  c.r.RestaurantAppApplication - Starting RestaurantAppApplication using Java 1.8.0_161 on keshav with PID 3172 (D:\Eclips IDE\RestaurantApp\target\classes started by delhifastfood987@gmail.com in D:\Eclips IDE\RestaurantApp)
2023-03-09 18:06:42.085 INFO  c.r.RestaurantAppApplication - No active profile set, falling back to 1 default profile: "default"
2023-03-09 18:06:43.209 INFO  o.s.d.r.c.RepositoryConfigurationDelegate - Bootstrapping Spring Data JPA repositories in DEFAULT mode.
2023-03-09 18:06:43.325 INFO  o.s.d.r.c.RepositoryConfigurationDelegate - Finished Spring Data repository scanning in 104 ms. Found 9 JPA repository interfaces.
2023-03-09 18:06:44.413 INFO  o.s.b.w.e.tomcat.TomcatWebServer - Tomcat initialized with port(s): 8080 (http)
2023-03-09 18:06:44.430 INFO  o.a.coyote.http11.Http11NioProtocol - Initializing ProtocolHandler ["http-nio-8080"]
2023-03-09 18:06:44.431 INFO  o.a.catalina.core.StandardService - Starting service [Tomcat]
2023-03-09 18:06:44.432 INFO  o.a.catalina.core.StandardEngine - Starting Servlet engine: [Apache Tomcat/9.0.68]
2023-03-09 18:06:44.640 INFO  o.a.c.c.C.[Tomcat].[localhost].[/] - Initializing Spring embedded WebApplicationContext
2023-03-09 18:06:44.640 INFO  o.s.b.w.s.c.ServletWebServerApplicationContext - Root WebApplicationContext: initialization completed in 2486 ms
2023-03-09 18:06:44.851 INFO  o.h.jpa.internal.util.LogHelper - HHH000204: Processing PersistenceUnitInfo [name: default]
2023-03-09 18:06:44.914 INFO  org.hibernate.Version - HHH000412: Hibernate ORM core version 5.6.12.Final
2023-03-09 18:06:45.103 INFO  o.h.annotations.common.Version - HCANN000001: Hibernate Commons Annotations {5.1.2.Final}
2023-03-09 18:06:45.227 INFO  com.zaxxer.hikari.HikariDataSource - HikariPool-1 - Starting...
2023-03-09 18:06:45.766 INFO  com.zaxxer.hikari.HikariDataSource - HikariPool-1 - Start completed.
2023-03-09 18:06:45.796 INFO  org.hibernate.dialect.Dialect - HHH000400: Using dialect: org.hibernate.dialect.MySQL8Dialect
2023-03-09 18:06:47.114 INFO  o.h.e.t.j.p.i.JtaPlatformInitiator - HHH000490: Using JtaPlatform implementation: [org.hibernate.engine.transaction.jta.platform.internal.NoJtaPlatform]
2023-03-09 18:06:47.125 INFO  o.s.o.j.LocalContainerEntityManagerFactoryBean - Initialized JPA EntityManagerFactory for persistence unit 'default'
2023-03-09 18:06:48.504 INFO  o.s.s.w.DefaultSecurityFilterChain - Will secure any request with [org.springframework.security.web.session.DisableEncodeUrlFilter@3205610d, org.springframework.security.web.context.request.async.WebAsyncManagerIntegrationFilter@54e06788, org.springframework.security.web.context.SecurityContextPersistenceFilter@24f3fb87, org.springframework.security.web.header.HeaderWriterFilter@6032622, org.springframework.web.filter.CorsFilter@4e789704, org.springframework.security.web.authentication.logout.LogoutFilter@102ecb61, com.restaurant.configuration.CustomAuthenticationFilter@5751e53e, com.restaurant.configuration.CustomAuthorizationFilter@4e45fbd0, org.springframework.security.web.savedrequest.RequestCacheAwareFilter@113c4ad6, org.springframework.security.web.servletapi.SecurityContextHolderAwareRequestFilter@40fcaae7, org.springframework.security.web.authentication.AnonymousAuthenticationFilter@19ce19b7, org.springframework.security.web.session.SessionManagementFilter@64ef2719, org.springframework.security.web.access.ExceptionTranslationFilter@37ade216, org.springframework.security.web.access.intercept.FilterSecurityInterceptor@7cbede2b]
2023-03-09 18:06:48.708 WARN  o.s.b.a.o.j.JpaBaseConfiguration$JpaWebConfiguration - spring.jpa.open-in-view is enabled by default. Therefore, database queries may be performed during view rendering. Explicitly configure spring.jpa.open-in-view to disable this warning
2023-03-09 18:06:50.558 INFO  o.a.coyote.http11.Http11NioProtocol - Starting ProtocolHandler ["http-nio-8080"]
2023-03-09 18:06:50.583 INFO  o.s.b.w.e.tomcat.TomcatWebServer - Tomcat started on port(s): 8080 (http) with context path ''
2023-03-09 18:06:50.607 INFO  c.r.RestaurantAppApplication - Started RestaurantAppApplication in 8.926 seconds (JVM running for 9.626)
2023-03-09 18:06:55.774 INFO  o.a.c.c.C.[Tomcat].[localhost].[/] - Initializing Spring DispatcherServlet 'dispatcherServlet'
2023-03-09 18:06:55.774 INFO  o.s.web.servlet.DispatcherServlet - Initializing Servlet 'dispatcherServlet'
2023-03-09 18:06:55.781 INFO  o.s.web.servlet.DispatcherServlet - Completed initialization in 7 ms
2023-03-09 18:07:01.359 INFO  c.r.service.impl.UserServiceImpl - Deleting User for {}
2023-03-09 18:07:01.377 ERROR c.r.service.impl.UserServiceImpl - org.hibernate.hql.internal.QueryExecutionRequestException: Not supported for DML operations [UPDATE com.restaurant.entity.User u SET u.deleted = true WHERE u.id IN (:userList_0, :userList_1, :userList_2)]; nested exception is java.lang.IllegalStateException: org.hibernate.hql.internal.QueryExecutionRequestException: Not supported for DML operations [UPDATE com.restaurant.entity.User u SET u.deleted = true WHERE u.id IN (:userList_0, :userList_1, :userList_2)]
2023-03-09 18:07:24.552 INFO  o.h.validator.internal.util.Version - HV000001: Hibernate Validator 6.2.5.Final
2023-03-09 18:07:24.564 INFO  c.r.RestaurantAppApplication - Starting RestaurantAppApplication using Java 1.8.0_161 on keshav with PID 9016 (D:\Eclips IDE\RestaurantApp\target\classes started by delhifastfood987@gmail.com in D:\Eclips IDE\RestaurantApp)
2023-03-09 18:07:24.566 INFO  c.r.RestaurantAppApplication - No active profile set, falling back to 1 default profile: "default"
2023-03-09 18:07:25.733 INFO  o.s.d.r.c.RepositoryConfigurationDelegate - Bootstrapping Spring Data JPA repositories in DEFAULT mode.
2023-03-09 18:07:25.831 INFO  o.s.d.r.c.RepositoryConfigurationDelegate - Finished Spring Data repository scanning in 88 ms. Found 9 JPA repository interfaces.
2023-03-09 18:07:26.871 INFO  o.s.b.w.e.tomcat.TomcatWebServer - Tomcat initialized with port(s): 8080 (http)
2023-03-09 18:07:26.884 INFO  o.a.coyote.http11.Http11NioProtocol - Initializing ProtocolHandler ["http-nio-8080"]
2023-03-09 18:07:26.885 INFO  o.a.catalina.core.StandardService - Starting service [Tomcat]
2023-03-09 18:07:26.886 INFO  o.a.catalina.core.StandardEngine - Starting Servlet engine: [Apache Tomcat/9.0.68]
2023-03-09 18:07:27.065 INFO  o.a.c.c.C.[Tomcat].[localhost].[/] - Initializing Spring embedded WebApplicationContext
2023-03-09 18:07:27.066 INFO  o.s.b.w.s.c.ServletWebServerApplicationContext - Root WebApplicationContext: initialization completed in 2423 ms
2023-03-09 18:07:27.261 INFO  o.h.jpa.internal.util.LogHelper - HHH000204: Processing PersistenceUnitInfo [name: default]
2023-03-09 18:07:27.320 INFO  org.hibernate.Version - HHH000412: Hibernate ORM core version 5.6.12.Final
2023-03-09 18:07:27.517 INFO  o.h.annotations.common.Version - HCANN000001: Hibernate Commons Annotations {5.1.2.Final}
2023-03-09 18:07:27.648 INFO  com.zaxxer.hikari.HikariDataSource - HikariPool-1 - Starting...
2023-03-09 18:07:28.160 INFO  com.zaxxer.hikari.HikariDataSource - HikariPool-1 - Start completed.
2023-03-09 18:07:28.194 INFO  org.hibernate.dialect.Dialect - HHH000400: Using dialect: org.hibernate.dialect.MySQL8Dialect
2023-03-09 18:07:29.381 INFO  o.h.e.t.j.p.i.JtaPlatformInitiator - HHH000490: Using JtaPlatform implementation: [org.hibernate.engine.transaction.jta.platform.internal.NoJtaPlatform]
2023-03-09 18:07:29.392 INFO  o.s.o.j.LocalContainerEntityManagerFactoryBean - Initialized JPA EntityManagerFactory for persistence unit 'default'
2023-03-09 18:07:30.653 INFO  o.s.s.w.DefaultSecurityFilterChain - Will secure any request with [org.springframework.security.web.session.DisableEncodeUrlFilter@61c58320, org.springframework.security.web.context.request.async.WebAsyncManagerIntegrationFilter@10e4ee33, org.springframework.security.web.context.SecurityContextPersistenceFilter@78a165db, org.springframework.security.web.header.HeaderWriterFilter@749ee0e3, org.springframework.web.filter.CorsFilter@6e90cec8, org.springframework.security.web.authentication.logout.LogoutFilter@7b423f90, com.restaurant.configuration.CustomAuthenticationFilter@13f182b9, com.restaurant.configuration.CustomAuthorizationFilter@5ee0cf64, org.springframework.security.web.savedrequest.RequestCacheAwareFilter@2d3bb944, org.springframework.security.web.servletapi.SecurityContextHolderAwareRequestFilter@6dbeaef8, org.springframework.security.web.authentication.AnonymousAuthenticationFilter@69c227fd, org.springframework.security.web.session.SessionManagementFilter@349aeec4, org.springframework.security.web.access.ExceptionTranslationFilter@54970127, org.springframework.security.web.access.intercept.FilterSecurityInterceptor@70e5737f]
2023-03-09 18:07:30.837 WARN  o.s.b.a.o.j.JpaBaseConfiguration$JpaWebConfiguration - spring.jpa.open-in-view is enabled by default. Therefore, database queries may be performed during view rendering. Explicitly configure spring.jpa.open-in-view to disable this warning
2023-03-09 18:07:32.583 INFO  o.a.coyote.http11.Http11NioProtocol - Starting ProtocolHandler ["http-nio-8080"]
2023-03-09 18:07:32.628 INFO  o.s.b.w.e.tomcat.TomcatWebServer - Tomcat started on port(s): 8080 (http) with context path ''
2023-03-09 18:07:32.666 INFO  c.r.RestaurantAppApplication - Started RestaurantAppApplication in 8.485 seconds (JVM running for 9.185)
2023-03-09 18:07:38.760 INFO  o.a.c.c.C.[Tomcat].[localhost].[/] - Initializing Spring DispatcherServlet 'dispatcherServlet'
2023-03-09 18:07:38.761 INFO  o.s.web.servlet.DispatcherServlet - Initializing Servlet 'dispatcherServlet'
2023-03-09 18:07:38.777 INFO  o.s.web.servlet.DispatcherServlet - Completed initialization in 16 ms
2023-03-09 18:07:43.870 INFO  c.r.service.impl.UserServiceImpl - Deleting User for {}
2023-03-09 18:07:43.890 INFO  c.r.service.impl.UserServiceImpl - User deleted Successfully
2023-03-09 18:08:28.923 INFO  c.r.service.impl.UserServiceImpl - Deleting User for {}
2023-03-09 18:08:28.927 INFO  c.r.service.impl.UserServiceImpl - User deleted Successfully
2023-03-09 18:09:06.805 INFO  c.r.service.impl.UserServiceImpl - getting user details {}
2023-03-09 18:09:06.810 INFO  c.r.service.impl.UserServiceImpl - get user successfully
2023-03-09 18:09:21.343 INFO  c.r.service.impl.UserServiceImpl - Deleting User for {}
2023-03-09 18:09:21.347 INFO  c.r.service.impl.UserServiceImpl - User deleted Successfully
2023-03-09 18:12:41.557 INFO  o.h.validator.internal.util.Version - HV000001: Hibernate Validator 6.2.5.Final
2023-03-09 18:12:41.570 INFO  c.r.RestaurantAppApplication - Starting RestaurantAppApplication using Java 1.8.0_161 on keshav with PID 1348 (D:\Eclips IDE\RestaurantApp\target\classes started by delhifastfood987@gmail.com in D:\Eclips IDE\RestaurantApp)
2023-03-09 18:12:41.571 INFO  c.r.RestaurantAppApplication - No active profile set, falling back to 1 default profile: "default"
2023-03-09 18:12:42.878 INFO  o.s.d.r.c.RepositoryConfigurationDelegate - Bootstrapping Spring Data JPA repositories in DEFAULT mode.
2023-03-09 18:12:42.998 INFO  o.s.d.r.c.RepositoryConfigurationDelegate - Finished Spring Data repository scanning in 107 ms. Found 9 JPA repository interfaces.
2023-03-09 18:12:44.332 INFO  o.s.b.w.e.tomcat.TomcatWebServer - Tomcat initialized with port(s): 8080 (http)
2023-03-09 18:12:44.348 INFO  o.a.coyote.http11.Http11NioProtocol - Initializing ProtocolHandler ["http-nio-8080"]
2023-03-09 18:12:44.349 INFO  o.a.catalina.core.StandardService - Starting service [Tomcat]
2023-03-09 18:12:44.350 INFO  o.a.catalina.core.StandardEngine - Starting Servlet engine: [Apache Tomcat/9.0.68]
2023-03-09 18:12:44.633 INFO  o.a.c.c.C.[Tomcat].[localhost].[/] - Initializing Spring embedded WebApplicationContext
2023-03-09 18:12:44.634 INFO  o.s.b.w.s.c.ServletWebServerApplicationContext - Root WebApplicationContext: initialization completed in 2961 ms
2023-03-09 18:12:44.900 INFO  o.h.jpa.internal.util.LogHelper - HHH000204: Processing PersistenceUnitInfo [name: default]
2023-03-09 18:12:45.044 INFO  org.hibernate.Version - HHH000412: Hibernate ORM core version 5.6.12.Final
2023-03-09 18:12:45.309 INFO  o.h.annotations.common.Version - HCANN000001: Hibernate Commons Annotations {5.1.2.Final}
2023-03-09 18:12:45.545 INFO  com.zaxxer.hikari.HikariDataSource - HikariPool-1 - Starting...
2023-03-09 18:12:46.240 INFO  com.zaxxer.hikari.HikariDataSource - HikariPool-1 - Start completed.
2023-03-09 18:12:46.286 INFO  org.hibernate.dialect.Dialect - HHH000400: Using dialect: org.hibernate.dialect.MySQL8Dialect
2023-03-09 18:12:47.795 INFO  o.h.e.t.j.p.i.JtaPlatformInitiator - HHH000490: Using JtaPlatform implementation: [org.hibernate.engine.transaction.jta.platform.internal.NoJtaPlatform]
2023-03-09 18:12:47.807 INFO  o.s.o.j.LocalContainerEntityManagerFactoryBean - Initialized JPA EntityManagerFactory for persistence unit 'default'
2023-03-09 18:12:49.187 INFO  o.s.s.w.DefaultSecurityFilterChain - Will secure any request with [org.springframework.security.web.session.DisableEncodeUrlFilter@5d4a34ff, org.springframework.security.web.context.request.async.WebAsyncManagerIntegrationFilter@7cbede2b, org.springframework.security.web.context.SecurityContextPersistenceFilter@2ccecae2, org.springframework.security.web.header.HeaderWriterFilter@5e2b512b, org.springframework.web.filter.CorsFilter@1ef04613, org.springframework.security.web.authentication.logout.LogoutFilter@3ca3eba2, com.restaurant.configuration.CustomAuthenticationFilter@2d3d4a54, com.restaurant.configuration.CustomAuthorizationFilter@215c6ec0, org.springframework.security.web.savedrequest.RequestCacheAwareFilter@118e2487, org.springframework.security.web.servletapi.SecurityContextHolderAwareRequestFilter@5cc075da, org.springframework.security.web.authentication.AnonymousAuthenticationFilter@2b19b346, org.springframework.security.web.session.SessionManagementFilter@6068cda1, org.springframework.security.web.access.ExceptionTranslationFilter@40cb95c1, org.springframework.security.web.access.intercept.FilterSecurityInterceptor@13f182b9]
2023-03-09 18:12:49.370 WARN  o.s.b.a.o.j.JpaBaseConfiguration$JpaWebConfiguration - spring.jpa.open-in-view is enabled by default. Therefore, database queries may be performed during view rendering. Explicitly configure spring.jpa.open-in-view to disable this warning
2023-03-09 18:12:51.292 INFO  o.a.coyote.http11.Http11NioProtocol - Starting ProtocolHandler ["http-nio-8080"]
2023-03-09 18:12:51.342 INFO  o.s.b.w.e.tomcat.TomcatWebServer - Tomcat started on port(s): 8080 (http) with context path ''
2023-03-09 18:12:51.361 INFO  c.r.RestaurantAppApplication - Started RestaurantAppApplication in 10.205 seconds (JVM running for 11.013)
2023-03-09 18:13:00.644 INFO  o.a.c.c.C.[Tomcat].[localhost].[/] - Initializing Spring DispatcherServlet 'dispatcherServlet'
2023-03-09 18:13:00.644 INFO  o.s.web.servlet.DispatcherServlet - Initializing Servlet 'dispatcherServlet'
2023-03-09 18:13:00.650 INFO  o.s.web.servlet.DispatcherServlet - Completed initialization in 6 ms
2023-03-09 18:13:05.990 INFO  c.r.service.impl.UserServiceImpl - Deleting User for {}
2023-03-09 18:13:06.013 INFO  c.r.service.impl.UserServiceImpl - User deleted Successfully
2023-03-09 18:13:44.756 INFO  o.h.validator.internal.util.Version - HV000001: Hibernate Validator 6.2.5.Final
2023-03-09 18:13:44.766 INFO  c.r.RestaurantAppApplication - Starting RestaurantAppApplication using Java 1.8.0_161 on keshav with PID 11568 (D:\Eclips IDE\RestaurantApp\target\classes started by delhifastfood987@gmail.com in D:\Eclips IDE\RestaurantApp)
2023-03-09 18:13:44.767 INFO  c.r.RestaurantAppApplication - No active profile set, falling back to 1 default profile: "default"
2023-03-09 18:13:46.027 INFO  o.s.d.r.c.RepositoryConfigurationDelegate - Bootstrapping Spring Data JPA repositories in DEFAULT mode.
2023-03-09 18:13:46.135 INFO  o.s.d.r.c.RepositoryConfigurationDelegate - Finished Spring Data repository scanning in 98 ms. Found 9 JPA repository interfaces.
2023-03-09 18:13:47.453 INFO  o.s.b.w.e.tomcat.TomcatWebServer - Tomcat initialized with port(s): 8080 (http)
2023-03-09 18:13:47.465 INFO  o.a.coyote.http11.Http11NioProtocol - Initializing ProtocolHandler ["http-nio-8080"]
2023-03-09 18:13:47.466 INFO  o.a.catalina.core.StandardService - Starting service [Tomcat]
2023-03-09 18:13:47.466 INFO  o.a.catalina.core.StandardEngine - Starting Servlet engine: [Apache Tomcat/9.0.68]
2023-03-09 18:13:47.731 INFO  o.a.c.c.C.[Tomcat].[localhost].[/] - Initializing Spring embedded WebApplicationContext
2023-03-09 18:13:47.731 INFO  o.s.b.w.s.c.ServletWebServerApplicationContext - Root WebApplicationContext: initialization completed in 2894 ms
2023-03-09 18:13:47.934 INFO  o.h.jpa.internal.util.LogHelper - HHH000204: Processing PersistenceUnitInfo [name: default]
2023-03-09 18:13:47.993 INFO  org.hibernate.Version - HHH000412: Hibernate ORM core version 5.6.12.Final
2023-03-09 18:13:48.227 INFO  o.h.annotations.common.Version - HCANN000001: Hibernate Commons Annotations {5.1.2.Final}
2023-03-09 18:13:48.361 INFO  com.zaxxer.hikari.HikariDataSource - HikariPool-1 - Starting...
2023-03-09 18:13:49.029 INFO  com.zaxxer.hikari.HikariDataSource - HikariPool-1 - Start completed.
2023-03-09 18:13:49.061 INFO  org.hibernate.dialect.Dialect - HHH000400: Using dialect: org.hibernate.dialect.MySQL8Dialect
2023-03-09 18:13:51.148 INFO  o.h.e.t.j.p.i.JtaPlatformInitiator - HHH000490: Using JtaPlatform implementation: [org.hibernate.engine.transaction.jta.platform.internal.NoJtaPlatform]
2023-03-09 18:13:51.159 INFO  o.s.o.j.LocalContainerEntityManagerFactoryBean - Initialized JPA EntityManagerFactory for persistence unit 'default'
2023-03-09 18:13:52.837 INFO  o.s.s.w.DefaultSecurityFilterChain - Will secure any request with [org.springframework.security.web.session.DisableEncodeUrlFilter@180cc0df, org.springframework.security.web.context.request.async.WebAsyncManagerIntegrationFilter@64f33dee, org.springframework.security.web.context.SecurityContextPersistenceFilter@349aeec4, org.springframework.security.web.header.HeaderWriterFilter@54970127, org.springframework.web.filter.CorsFilter@61c58320, org.springframework.security.web.authentication.logout.LogoutFilter@4258106, com.restaurant.configuration.CustomAuthenticationFilter@10e4ee33, com.restaurant.configuration.CustomAuthorizationFilter@6e90cec8, org.springframework.security.web.savedrequest.RequestCacheAwareFilter@78a165db, org.springframework.security.web.servletapi.SecurityContextHolderAwareRequestFilter@2d3bb944, org.springframework.security.web.authentication.AnonymousAuthenticationFilter@13f182b9, org.springframework.security.web.session.SessionManagementFilter@7891cf3, org.springframework.security.web.access.ExceptionTranslationFilter@52035328, org.springframework.security.web.access.intercept.FilterSecurityInterceptor@5ca8bd01]
2023-03-09 18:13:53.061 WARN  o.s.b.a.o.j.JpaBaseConfiguration$JpaWebConfiguration - spring.jpa.open-in-view is enabled by default. Therefore, database queries may be performed during view rendering. Explicitly configure spring.jpa.open-in-view to disable this warning
2023-03-09 18:13:55.370 INFO  o.a.coyote.http11.Http11NioProtocol - Starting ProtocolHandler ["http-nio-8080"]
2023-03-09 18:13:55.402 INFO  o.s.b.w.e.tomcat.TomcatWebServer - Tomcat started on port(s): 8080 (http) with context path ''
2023-03-09 18:13:55.420 INFO  c.r.RestaurantAppApplication - Started RestaurantAppApplication in 11.146 seconds (JVM running for 11.91)
2023-03-09 18:13:59.703 INFO  o.a.c.c.C.[Tomcat].[localhost].[/] - Initializing Spring DispatcherServlet 'dispatcherServlet'
2023-03-09 18:13:59.703 INFO  o.s.web.servlet.DispatcherServlet - Initializing Servlet 'dispatcherServlet'
2023-03-09 18:13:59.709 INFO  o.s.web.servlet.DispatcherServlet - Completed initialization in 5 ms
2023-03-09 18:14:04.981 INFO  c.r.service.impl.UserServiceImpl - Deleting User for {}
2023-03-09 18:14:05.003 INFO  c.r.service.impl.UserServiceImpl - User deleted Successfully
2023-03-09 18:21:42.872 INFO  c.r.service.impl.UserServiceImpl - Deleting User for {}
2023-03-09 18:21:42.877 INFO  c.r.service.impl.UserServiceImpl - User deleted Successfully
2023-03-09 18:22:27.358 INFO  c.r.service.impl.UserServiceImpl - Deleting User for {}
2023-03-09 18:22:27.361 INFO  c.r.service.impl.UserServiceImpl - User deleted Successfully
2023-03-09 18:22:31.707 INFO  c.r.service.impl.UserServiceImpl - getting user details {}
2023-03-09 18:22:31.711 INFO  c.r.service.impl.UserServiceImpl - get user successfully
2023-03-09 18:29:32.758 INFO  c.r.service.impl.UserServiceImpl - getting user details {}
2023-03-09 18:29:32.761 INFO  c.r.service.impl.UserServiceImpl - get user successfully
2023-03-09 18:29:39.023 INFO  c.r.service.impl.UserServiceImpl - getting user details {}
2023-03-09 18:29:39.027 INFO  c.r.service.impl.UserServiceImpl - get user successfully
2023-03-09 18:29:43.158 INFO  c.r.service.impl.UserServiceImpl - Updating user for UserDTO(id=1, firstName=keshav, lastName=kumar, role=ADMIN,USER, email=sharmakeshav987@gmail.com, address=Delhi, imageName=sdafsadfsdfsdf, mobileNumber=9876543210, deleted=false, orders=null, password=null)
2023-03-09 18:29:43.201 INFO  c.r.service.impl.UserServiceImpl - User updated successfully
2023-03-09 18:29:46.557 INFO  c.r.service.impl.UserServiceImpl - getting user details {}
2023-03-09 18:29:46.561 INFO  c.r.service.impl.UserServiceImpl - get user successfully
2023-03-09 18:29:53.600 INFO  c.r.service.impl.UserServiceImpl - Deleting User for {}
2023-03-09 18:29:53.605 INFO  c.r.service.impl.UserServiceImpl - User deleted Successfully
2023-03-09 18:29:58.134 INFO  c.r.service.impl.UserServiceImpl - getting user details {}
2023-03-09 18:29:58.138 INFO  c.r.service.impl.UserServiceImpl - get user successfully
